<?xml version="1.0" encoding="UTF-8"?>
<!-- Generated by org.testng.reporters.JUnitReportReporter -->
<testsuite hostname="lica-MACH-WX9" failures="0" tests="32" name="cs.exam.AppSystemTest" time="0.564" errors="0" timestamp="2021-08-10T18:10:31 PET" skipped="0">
  <testcase classname="cs.exam.AppSystemTest" name="testCaseRemoveSensor" time="0.002"/>
  <system-out/>
  <testcase classname="cs.exam.AppSystemTest" name="testCaseRemoveSensor" time="0.002"/>
  <system-out/>
  <testcase classname="cs.exam.AppSystemTest" name="testCaseAddSensor" time="0.055"/>
  <system-out/>
  <testcase classname="cs.exam.AppSystemTest" name="testCaseAddSensor" time="0.048"/>
  <system-out/>
  <testcase classname="cs.exam.AppSystemTest" name="testCaseRemoveSensor" time="0.002"/>
  <system-out/>
  <testcase classname="cs.exam.AppSystemTest" name="testCaseAddSensor" time="0.049"/>
  <system-out/>
  <testcase classname="cs.exam.AppSystemTest" name="testCaseGetSensor" time="0.007"/>
  <system-out/>
  <testcase classname="cs.exam.AppSystemTest" name="testCaseRemoveSensor" time="0.002"/>
  <system-out/>
  <testcase classname="cs.exam.AppSystemTest" name="testCaseRemoveSensor" time="0.001"/>
  <system-out/>
  <testcase classname="cs.exam.AppSystemTest" name="testCaseGetSensor" time="0.008"/>
  <system-out/>
  <testcase classname="cs.exam.AppSystemTest" name="testCaseGetSensor" time="0.008"/>
  <system-out/>
  <testcase classname="cs.exam.AppSystemTest" name="testCaseGetSensor" time="0.017"/>
  <system-out/>
  <testcase classname="cs.exam.AppSystemTest" name="testCaseAddSensor" time="0.046"/>
  <system-out/>
  <testcase classname="cs.exam.AppSystemTest" name="testCaseGetSensor" time="0.008"/>
  <system-out/>
  <testcase classname="cs.exam.AppSystemTest" name="testCaseGetSensor" time="0.005"/>
  <system-out/>
  <testcase classname="cs.exam.AppSystemTest" name="testCaseAddSensor" time="0.056"/>
  <system-out/>
  <testcase classname="cs.exam.AppSystemTest" name="testCaseGetSensor" time="0.007"/>
  <system-out/>
  <testcase classname="cs.exam.AppSystemTest" name="testCaseRemoveSensor" time="0.002"/>
  <system-out/>
  <testcase classname="cs.exam.AppSystemTest" name="testCaseRemoveSensor" time="0.001"/>
  <system-out/>
  <testcase classname="cs.exam.AppSystemTest" name="testCaseLogout" time="0.000"/>
  <system-out/>
  <testcase classname="cs.exam.AppSystemTest" name="testCaseGetSensor" time="0.005"/>
  <system-out/>
  <testcase classname="cs.exam.AppSystemTest" name="testCaseGetSensor" time="0.004"/>
  <system-out/>
  <testcase classname="cs.exam.AppSystemTest" name="testCaseAddSensor" time="0.056"/>
  <system-out/>
  <testcase classname="cs.exam.AppSystemTest" name="testCaseAddSensor" time="0.050"/>
  <system-out/>
  <testcase classname="cs.exam.AppSystemTest" name="testCaseRegister" time="0.000"/>
  <system-out/>
  <testcase classname="cs.exam.AppSystemTest" name="testCaseGetSensor" time="0.007"/>
  <system-out/>
  <testcase classname="cs.exam.AppSystemTest" name="testCaseRemoveSensor" time="0.002"/>
  <system-out/>
  <testcase classname="cs.exam.AppSystemTest" name="testCaseRemoveSensor" time="0.001"/>
  <system-out/>
  <testcase classname="cs.exam.AppSystemTest" name="testCaseAddSensor" time="0.008"/>
  <system-out/>
  <testcase classname="cs.exam.AppSystemTest" name="testCaseAddSensor" time="0.054"/>
  <system-out/>
  <testcase classname="cs.exam.AppSystemTest" name="testCaseRemoveSensor" time="0.001"/>
  <system-out/>
  <testcase classname="cs.exam.AppSystemTest" name="testCaseAddSensor" time="0.050"/>
  <system-out/>
</testsuite> <!-- cs.exam.AppSystemTest -->
